<?xml version="1.0" encoding="UTF-8" ?>
<testsuite tests="7" failures="0" name="com.bm.intercomscreening.ArrayFlattenerTest" time="0.007" errors="0" skipped="0">
  <properties>
[...]
</properties>
  <testcase classname="com.bm.intercomscreening.ArrayFlattenerTest" name="testNullForFirstArgs" time="0.001"/>
  <testcase classname="com.bm.intercomscreening.ArrayFlattenerTest" name="testThreeLevelNestedArray" time="0.001"/>
  <testcase classname="com.bm.intercomscreening.ArrayFlattenerTest" name="testNullForBothArgs" time="0"/>
  <testcase classname="com.bm.intercomscreening.ArrayFlattenerTest" name="testOneLevelNestedArray" time="0"/>
  <testcase classname="com.bm.intercomscreening.ArrayFlattenerTest" name="testNullForLastArgs" time="0"/>
  <testcase classname="com.bm.intercomscreening.ArrayFlattenerTest" name="testIllegalArgumentExceptionThrownIfNotSupportedType" time="0"/>
  <testcase classname="com.bm.intercomscreening.ArrayFlattenerTest" name="testNonNestedArray" time="0"/>
</testsuite>